2019-10-21 10:47:31: ----- ：任务 'LEM-4361A'：计算机 'HARD-PC' 上的分析操作已由 User 所启动 (GoodSync v 9.4.0.5) -----
2019-10-21 10:47:31: E:\LEM-4361A-RTT-V4.0.0\bsp\stm32f407-lem-4361a\applications <-> E:\LEM-4361A\LEM-4361A-RTT-V4.0.0\LEM-4361A-RTT-V4.0.0\bsp\stm32f407-lem-4361a\applications
2019-10-21 10:47:31: 左侧：文件： 26 (已排除 )。文件夹：  (已排除 1)。 E: NTFS, 可用空间：62.6 GB，总计空间：142 GB
2019-10-21 10:47:31: 右侧：文件： 26 (已排除 )。文件夹：  (已排除 1)。 E: NTFS, 可用空间：62.6 GB，总计空间：142 GB
2019-10-21 10:47:31: /bluetooth.c: 冲突: 新文件有变化
2019-10-21 10:47:31: /global.h: 冲突: 新文件有变化
2019-10-21 10:47:31: /storage.h: 冲突: 新文件有变化
2019-10-21 10:47:31: 分析完毕并发现冲突情况。如需解决冲突请选择正常的同步方向。
2019-10-21 10:47:31: 变更：3， 冲突：3， 复制时间：， 复制状态：/， 错误： 
2019-10-21 10:47:31: ----- ：分析已结束。 历时 00:00:00， 速度： Many 个文件/秒 -----
2019-10-21 10:47:31: 
2019-10-21 10:47:33: Done.
2019-10-21 10:47:42: ===== ：任务 'LEM-4361A'：同步已被 User 所启动，位于计算机 'HARD-PC' =====
2019-10-21 10:47:42: E:\LEM-4361A-RTT-V4.0.0\bsp\stm32f407-lem-4361a\applications <-> E:\LEM-4361A\LEM-4361A-RTT-V4.0.0\LEM-4361A-RTT-V4.0.0\bsp\stm32f407-lem-4361a\applications
2019-10-21 10:47:42: /bluetooth.c: unresolved conflict results in No Copy
2019-10-21 10:47:42: /global.h: unresolved conflict results in No Copy
2019-10-21 10:47:42: /storage.h: unresolved conflict results in No Copy
2019-10-21 10:47:42: 同步完成，未解决的冲突数为 3 。点击冲突按钮即可查看未解决的冲突情况。
2019-10-21 10:47:42: 项目同步未必： ，错误： 
2019-10-21 10:47:42: ===== ：同步完毕。时间：00:00:00，速度：  =====
2019-10-21 10:47:42: 
